INFO:  latexindent version 3.23.3, 2023-10-13, a script to indent .tex files
       latexindent lives here: /usr/local/texlive/2023/texmf-dist/scripts/latexindent/
<<<<<<< HEAD
       Mon Nov 27 17:34:41 2023
       Filename: /Users/pabloalanis/Library/Mobile Documents/com~apple~CloudDocs/Documents/Maestria/Tesis/PEAG-Protocolo_maestria/PEAG-Protocolo_maestria.tex
INFO:  Processing switches:
INFO:  Directory for backup files and indent.log:
       /Users/pabloalanis/Library/Mobile Documents/com~apple~CloudDocs/Documents/Maestria/Tesis/PEAG-Protocolo_maestria
=======
       Sun Oct 29 22:45:16 2023
       Filename: /Users/pabloalanis/Library/Mobile Documents/com~apple~CloudDocs/Documents/Maestria/Tesis/Presentación PEAG-Protocolo_maestria/Presentación-Protocolo-Maestria-PEAG.tex
INFO:  Processing switches:
INFO:  Directory for backup files and indent.log:
       /Users/pabloalanis/Library/Mobile Documents/com~apple~CloudDocs/Documents/Maestria/Tesis/Presentación PEAG-Protocolo_maestria
>>>>>>> 42582110b465be1a96108a6027bf2f13d9f027bc
INFO:  YAML settings read: defaultSettings.yaml
       Reading defaultSettings.yaml from /usr/local/texlive/2023/texmf-dist/scripts/latexindent/defaultSettings.yaml
INFO:  YAML reading settings
       Home directory is /Users/pabloalanis
       latexindent.pl didn't find indentconfig.yaml or .indentconfig.yaml
       see all possible locations: https://latexindentpl.readthedocs.io/en/latest/sec-appendices.html#indentconfig-options)
INFO:  Phase 1: searching for objects
INFO:  Phase 2: finding surrounding indentation
INFO:  Phase 3: indenting objects
INFO:  Phase 4: final indentation check
INFO:  Output routine:
       Not outputting to file; see -w and -o switches for more options.
       --------------
INFO:  Please direct all communication/issues to:
        https://github.com/cmhughes/latexindent.pl
